Determining if the pthread_create exist failed with the following output:
Change Dir: /home/jorge/Escritorio/Clase/Robotica/catkin_ws/build/CMakeFiles/CMakeTmp

Run Build Command:/usr/bin/make "cmTryCompileExec3608535745/fast"
/usr/bin/make -f CMakeFiles/cmTryCompileExec3608535745.dir/build.make CMakeFiles/cmTryCompileExec3608535745.dir/build
make[1]: se ingresa al directorio «/home/jorge/Escritorio/Clase/Robotica/catkin_ws/build/CMakeFiles/CMakeTmp»
/usr/bin/cmake -E cmake_progress_report /home/jorge/Escritorio/Clase/Robotica/catkin_ws/build/CMakeFiles/CMakeTmp/CMakeFiles 1
Building C object CMakeFiles/cmTryCompileExec3608535745.dir/CheckSymbolExists.c.o
/usr/bin/cc    -o CMakeFiles/cmTryCompileExec3608535745.dir/CheckSymbolExists.c.o   -c /home/jorge/Escritorio/Clase/Robotica/catkin_ws/build/CMakeFiles/CMakeTmp/CheckSymbolExists.c
Linking C executable cmTryCompileExec3608535745
/usr/bin/cmake -E cmake_link_script CMakeFiles/cmTryCompileExec3608535745.dir/link.txt --verbose=1
/usr/bin/cc       CMakeFiles/cmTryCompileExec3608535745.dir/CheckSymbolExists.c.o  -o cmTryCompileExec3608535745 -rdynamic 
CMakeFiles/cmTryCompileExec3608535745.dir/CheckSymbolExists.c.o: En la función `main':
CheckSymbolExists.c:(.text+0x16): referencia a `pthread_create' sin definir
collect2: error: ld returned 1 exit status
make[1]: se sale del directorio «/home/jorge/Escritorio/Clase/Robotica/catkin_ws/build/CMakeFiles/CMakeTmp»
make[1]: *** [cmTryCompileExec3608535745] Error 1
make: *** [cmTryCompileExec3608535745/fast] Error 2

File /home/jorge/Escritorio/Clase/Robotica/catkin_ws/build/CMakeFiles/CMakeTmp/CheckSymbolExists.c:
/* */
#include <pthread.h>

int main(int argc, char** argv)
{
  (void)argv;
#ifndef pthread_create
  return ((int*)(&pthread_create))[argc];
#else
  (void)argc;
  return 0;
#endif
}

Determining if the function pthread_create exists in the pthreads failed with the following output:
Change Dir: /home/jorge/Escritorio/Clase/Robotica/catkin_ws/build/CMakeFiles/CMakeTmp

Run Build Command:/usr/bin/make "cmTryCompileExec411265767/fast"
/usr/bin/make -f CMakeFiles/cmTryCompileExec411265767.dir/build.make CMakeFiles/cmTryCompileExec411265767.dir/build
make[1]: se ingresa al directorio «/home/jorge/Escritorio/Clase/Robotica/catkin_ws/build/CMakeFiles/CMakeTmp»
/usr/bin/cmake -E cmake_progress_report /home/jorge/Escritorio/Clase/Robotica/catkin_ws/build/CMakeFiles/CMakeTmp/CMakeFiles 1
Building C object CMakeFiles/cmTryCompileExec411265767.dir/CheckFunctionExists.c.o
/usr/bin/cc   -DCHECK_FUNCTION_EXISTS=pthread_create   -o CMakeFiles/cmTryCompileExec411265767.dir/CheckFunctionExists.c.o   -c /usr/share/cmake-2.8/Modules/CheckFunctionExists.c
Linking C executable cmTryCompileExec411265767
/usr/bin/cmake -E cmake_link_script CMakeFiles/cmTryCompileExec411265767.dir/link.txt --verbose=1
/usr/bin/cc   -DCHECK_FUNCTION_EXISTS=pthread_create    CMakeFiles/cmTryCompileExec411265767.dir/CheckFunctionExists.c.o  -o cmTryCompileExec411265767 -rdynamic -lpthreads 
/usr/bin/ld: no se puede encontrar -lpthreads
collect2: error: ld returned 1 exit status
make[1]: se sale del directorio «/home/jorge/Escritorio/Clase/Robotica/catkin_ws/build/CMakeFiles/CMakeTmp»
make[1]: *** [cmTryCompileExec411265767] Error 1
make: *** [cmTryCompileExec411265767/fast] Error 2


